Determining if the pthread_create exist failed with the following output:
Change Dir: /home/mzwang/catkin_ws/src/turtle_pick/build/CMakeFiles/CMakeTmp

Run Build Command:"/usr/bin/make" "cmTC_65dc5/fast"
/usr/bin/make -f CMakeFiles/cmTC_65dc5.dir/build.make CMakeFiles/cmTC_65dc5.dir/build
make[1]: Entering directory '/home/mzwang/catkin_ws/src/turtle_pick/build/CMakeFiles/CMakeTmp'
Building C object CMakeFiles/cmTC_65dc5.dir/CheckSymbolExists.c.o
/usr/bin/clang-6.0     -o CMakeFiles/cmTC_65dc5.dir/CheckSymbolExists.c.o   -c /home/mzwang/catkin_ws/src/turtle_pick/build/CMakeFiles/CMakeTmp/CheckSymbolExists.c
Linking C executable cmTC_65dc5
/usr/bin/cmake -E cmake_link_script CMakeFiles/cmTC_65dc5.dir/link.txt --verbose=1
/usr/bin/clang-6.0       CMakeFiles/cmTC_65dc5.dir/CheckSymbolExists.c.o  -o cmTC_65dc5 -rdynamic 
CMakeFiles/cmTC_65dc5.dir/CheckSymbolExists.c.o: In function `main':
CheckSymbolExists.c:(.text+0x19): undefined reference to `pthread_create'
clang: error: linker command failed with exit code 1 (use -v to see invocation)
CMakeFiles/cmTC_65dc5.dir/build.make:97: recipe for target 'cmTC_65dc5' failed
make[1]: *** [cmTC_65dc5] Error 1
make[1]: Leaving directory '/home/mzwang/catkin_ws/src/turtle_pick/build/CMakeFiles/CMakeTmp'
Makefile:126: recipe for target 'cmTC_65dc5/fast' failed
make: *** [cmTC_65dc5/fast] Error 2

File /home/mzwang/catkin_ws/src/turtle_pick/build/CMakeFiles/CMakeTmp/CheckSymbolExists.c:
/* */
#include <pthread.h>

int main(int argc, char** argv)
{
  (void)argv;
#ifndef pthread_create
  return ((int*)(&pthread_create))[argc];
#else
  (void)argc;
  return 0;
#endif
}

Determining if the function pthread_create exists in the pthreads failed with the following output:
Change Dir: /home/mzwang/catkin_ws/src/turtle_pick/build/CMakeFiles/CMakeTmp

Run Build Command:"/usr/bin/make" "cmTC_2b38f/fast"
/usr/bin/make -f CMakeFiles/cmTC_2b38f.dir/build.make CMakeFiles/cmTC_2b38f.dir/build
make[1]: Entering directory '/home/mzwang/catkin_ws/src/turtle_pick/build/CMakeFiles/CMakeTmp'
Building C object CMakeFiles/cmTC_2b38f.dir/CheckFunctionExists.c.o
/usr/bin/clang-6.0    -DCHECK_FUNCTION_EXISTS=pthread_create   -o CMakeFiles/cmTC_2b38f.dir/CheckFunctionExists.c.o   -c /usr/share/cmake-3.5/Modules/CheckFunctionExists.c
Linking C executable cmTC_2b38f
/usr/bin/cmake -E cmake_link_script CMakeFiles/cmTC_2b38f.dir/link.txt --verbose=1
/usr/bin/clang-6.0   -DCHECK_FUNCTION_EXISTS=pthread_create    CMakeFiles/cmTC_2b38f.dir/CheckFunctionExists.c.o  -o cmTC_2b38f -rdynamic -lpthreads 
/usr/bin/ld: cannot find -lpthreads
clang: error: linker command failed with exit code 1 (use -v to see invocation)
CMakeFiles/cmTC_2b38f.dir/build.make:97: recipe for target 'cmTC_2b38f' failed
make[1]: *** [cmTC_2b38f] Error 1
make[1]: Leaving directory '/home/mzwang/catkin_ws/src/turtle_pick/build/CMakeFiles/CMakeTmp'
Makefile:126: recipe for target 'cmTC_2b38f/fast' failed
make: *** [cmTC_2b38f/fast] Error 2


